<?xml version="1.0" encoding="UTF-8"?>
<!-- Generated by org.testng.reporters.JUnitReportReporter -->
<testsuite hostname="Gaurav-PC" failures="0" tests="1" name="com.selenium_testng.TestCases.TC03_loginNegative" time="8.917" errors="0" timestamp="2025-05-05T23:12:39 IST" skipped="0">
  <testcase classname="com.selenium_testng.TestCases.TC03_loginNegative" name="verifyInvalidLogin" time="8.917"/>
</testsuite> <!-- com.selenium_testng.TestCases.TC03_loginNegative -->
